<?xml version="1.0" encoding="UTF-8"?>
<testng-results skipped="0" failed="0" ignored="0" total="1" passed="1">
  <reporter-output>
  </reporter-output>
  <suite name="Default suite" duration-ms="28202" started-at="2018-03-16T09:02:53Z" finished-at="2018-03-16T09:03:21Z">
    <groups>
    </groups>
    <test name="Default test" duration-ms="28202" started-at="2018-03-16T09:02:53Z" finished-at="2018-03-16T09:03:21Z">
      <class name="testcases.Zrx_Login">
        <test-method status="PASS" signature="doLogin()[pri:0, instance:testcases.Zrx_Login@15bb6bea]" name="doLogin" duration-ms="27769" started-at="2018-03-16T14:32:53Z" finished-at="2018-03-16T14:33:21Z">
          <reporter-output>
          </reporter-output>
        </test-method> <!-- doLogin -->
        <test-method status="PASS" signature="quit()[pri:0, instance:testcases.Zrx_Login@15bb6bea]" name="quit" is-config="true" duration-ms="406" started-at="2018-03-16T14:33:21Z" finished-at="2018-03-16T14:33:21Z">
          <reporter-output>
          </reporter-output>
        </test-method> <!-- quit -->
      </class> <!-- testcases.Zrx_Login -->
    </test> <!-- Default test -->
  </suite> <!-- Default suite -->
</testng-results>
